c:\users\lenovo\documents\visual studio 2015\projects\project\project\debug\project.pch
c:\users\lenovo\documents\visual studio 2015\projects\project\project\debug\vc140.pdb
c:\users\lenovo\documents\visual studio 2015\projects\project\project\debug\vc140.idb
c:\users\lenovo\documents\visual studio 2015\projects\project\project\debug\stdafx.obj
c:\users\lenovo\documents\visual studio 2015\projects\project\project\debug\circle.obj
c:\users\lenovo\documents\visual studio 2015\projects\project\project\debug\clip.obj
c:\users\lenovo\documents\visual studio 2015\projects\project\project\debug\lineclip.obj
c:\users\lenovo\documents\visual studio 2015\projects\project\project\debug\thirdcurve.obj
c:\users\lenovo\documents\visual studio 2015\projects\project\project\debug\ddaline.obj
c:\users\lenovo\documents\visual studio 2015\projects\project\project\debug\line.obj
c:\users\lenovo\documents\visual studio 2015\projects\project\project\debug\midpointline.obj
c:\users\lenovo\documents\visual studio 2015\projects\project\project\debug\parametricline.obj
c:\users\lenovo\documents\visual studio 2015\projects\project\project\debug\pointclip.obj
c:\users\lenovo\documents\visual studio 2015\projects\project\project\debug\project.obj
c:\users\lenovo\documents\visual studio 2015\projects\project\project\debug\vector2d.obj
c:\users\lenovo\documents\visual studio 2015\projects\project\debug\project.ilk
c:\users\lenovo\documents\visual studio 2015\projects\project\debug\project.exe
c:\users\lenovo\documents\visual studio 2015\projects\project\debug\project.pdb
c:\users\lenovo\documents\visual studio 2015\projects\project\project\debug\project.res
c:\users\lenovo\documents\visual studio 2015\projects\project\project\debug\project.tlog\cl.command.1.tlog
c:\users\lenovo\documents\visual studio 2015\projects\project\project\debug\project.tlog\cl.read.1.tlog
c:\users\lenovo\documents\visual studio 2015\projects\project\project\debug\project.tlog\cl.write.1.tlog
c:\users\lenovo\documents\visual studio 2015\projects\project\project\debug\project.tlog\link.command.1.tlog
c:\users\lenovo\documents\visual studio 2015\projects\project\project\debug\project.tlog\link.read.1.tlog
c:\users\lenovo\documents\visual studio 2015\projects\project\project\debug\project.tlog\link.write.1.tlog
c:\users\lenovo\documents\visual studio 2015\projects\project\project\debug\project.tlog\rc.command.1.tlog
c:\users\lenovo\documents\visual studio 2015\projects\project\project\debug\project.tlog\rc.read.1.tlog
c:\users\lenovo\documents\visual studio 2015\projects\project\project\debug\project.tlog\rc.write.1.tlog
